<?xml version="1.0" encoding="UTF-8"?>
<testng-results skipped="0" failed="0" ignored="0" total="5" passed="5">
  <reporter-output>
  </reporter-output>
  <suite name="Suite" duration-ms="2982" started-at="2020-04-05T12:09:02Z" finished-at="2020-04-05T12:09:05Z">
    <groups>
    </groups>
    <test name="Test" duration-ms="2982" started-at="2020-04-05T12:09:02Z" finished-at="2020-04-05T12:09:05Z">
      <class name="test.testing.TestScript.TC2">
        <test-method status="PASS" signature="testcase2()[pri:2, instance:test.testing.TestScript.TC2@2357d90a]" name="testcase2" duration-ms="62" started-at="2020-04-05T17:39:05Z" finished-at="2020-04-05T17:39:05Z">
          <reporter-output>
          </reporter-output>
        </test-method> <!-- testcase2 -->
      </class> <!-- test.testing.TestScript.TC2 -->
      <class name="test.testing.TestScript.TC3">
        <test-method status="PASS" signature="testcase3()[pri:3, instance:test.testing.TestScript.TC3@6328d34a]" name="testcase3" duration-ms="40" started-at="2020-04-05T17:39:05Z" finished-at="2020-04-05T17:39:05Z">
          <reporter-output>
          </reporter-output>
        </test-method> <!-- testcase3 -->
      </class> <!-- test.testing.TestScript.TC3 -->
      <class name="test.testing.TestScript.TC4">
        <test-method status="PASS" signature="testcase4()[pri:4, instance:test.testing.TestScript.TC4@145eaa29]" name="testcase4" duration-ms="54" started-at="2020-04-05T17:39:05Z" finished-at="2020-04-05T17:39:05Z">
          <reporter-output>
          </reporter-output>
        </test-method> <!-- testcase4 -->
      </class> <!-- test.testing.TestScript.TC4 -->
      <class name="test.testing.TestScript.TC5">
        <test-method status="PASS" signature="testcase5()[pri:5, instance:test.testing.TestScript.TC5@15bb6bea]" name="testcase5" duration-ms="40" started-at="2020-04-05T17:39:05Z" finished-at="2020-04-05T17:39:05Z">
          <reporter-output>
          </reporter-output>
        </test-method> <!-- testcase5 -->
      </class> <!-- test.testing.TestScript.TC5 -->
      <class name="test.testing.TestScript.TC1">
        <test-method status="PASS" signature="testcase1()[pri:1, instance:test.testing.TestScript.TC1@7f77e91b]" name="testcase1" duration-ms="2732" started-at="2020-04-05T17:39:02Z" finished-at="2020-04-05T17:39:05Z">
          <reporter-output>
          </reporter-output>
        </test-method> <!-- testcase1 -->
      </class> <!-- test.testing.TestScript.TC1 -->
    </test> <!-- Test -->
  </suite> <!-- Suite -->
</testng-results>
