<?xml version="1.0" encoding="UTF-8"?>
<!-- Generated by org.testng.reporters.JUnitXMLReporter -->
<testsuite hostname="DESKTOP-AEIQ660" ignored="0" name="Test" tests="5" failures="0" timestamp="05 Apr 2020 12:09:05 GMT" time="2.982" errors="0">
  <testcase name="testcase1" time="2.732" classname="test.testing.TestScript.TC1"/>
  <testcase name="testcase2" time="0.062" classname="test.testing.TestScript.TC2"/>
  <testcase name="testcase3" time="0.04" classname="test.testing.TestScript.TC3"/>
  <testcase name="testcase4" time="0.054" classname="test.testing.TestScript.TC4"/>
  <testcase name="testcase5" time="0.04" classname="test.testing.TestScript.TC5"/>
</testsuite> <!-- Test -->
